0 silly input []
1 silly flags { _: [ 'bootstrap' ],
1 silly flags   'reject-cycles': false,
1 silly flags   rejectCycles: false,
1 silly flags   args: [] }
2 verbose rootPath /Users/jessicafernando/dev/netlify-lerna-test
3 info version 2.9.1
4 silly existsSync /Users/jessicafernando/dev/netlify-lerna-test/VERSION
5 silly initialize attempt
6 silly npmConfig { registry: undefined,
6 silly npmConfig   npmClient: undefined,
6 silly npmConfig   npmClientArgs: undefined,
6 silly npmConfig   mutex: undefined }
7 silly initialize success
8 silly execute attempt
9 info Bootstrapping 2 packages
10 info lifecycle preinstall
11 silly runScript preinstall gatsby-starter-netlify-cms
12 silly gatsby-starter-netlify-cms
13 silly runScript preinstall shared
14 silly shared
15 silly hasDependencyInstalled gatsby-starter-netlify-cms prettier
16 silly dependencyIsSatisfied [ 'prettier',
16 silly dependencyIsSatisfied   '^1.7.4',
16 silly dependencyIsSatisfied   '/Users/jessicafernando/dev/netlify-lerna-test/packages/gatsby-starter-netlify-cms/node_modules' ]
17 verbose dependencyIsSatisfied prettier false
18 silly hasDependencyInstalled gatsby-starter-netlify-cms bulma
19 silly dependencyIsSatisfied [ 'bulma',
19 silly dependencyIsSatisfied   '^0.6.0',
19 silly dependencyIsSatisfied   '/Users/jessicafernando/dev/netlify-lerna-test/packages/gatsby-starter-netlify-cms/node_modules' ]
20 verbose dependencyIsSatisfied bulma false
21 silly hasDependencyInstalled gatsby-starter-netlify-cms gatsby
22 silly dependencyIsSatisfied [ 'gatsby',
22 silly dependencyIsSatisfied   '^1.9.213',
22 silly dependencyIsSatisfied   '/Users/jessicafernando/dev/netlify-lerna-test/packages/gatsby-starter-netlify-cms/node_modules' ]
23 verbose dependencyIsSatisfied gatsby false
24 silly hasDependencyInstalled gatsby-starter-netlify-cms gatsby-link
25 silly dependencyIsSatisfied [ 'gatsby-link',
25 silly dependencyIsSatisfied   '^1.6.37',
25 silly dependencyIsSatisfied   '/Users/jessicafernando/dev/netlify-lerna-test/packages/gatsby-starter-netlify-cms/node_modules' ]
26 verbose dependencyIsSatisfied gatsby-link false
27 silly hasDependencyInstalled gatsby-starter-netlify-cms gatsby-plugin-netlify
28 silly dependencyIsSatisfied [ 'gatsby-plugin-netlify',
28 silly dependencyIsSatisfied   '^1.0.19',
28 silly dependencyIsSatisfied   '/Users/jessicafernando/dev/netlify-lerna-test/packages/gatsby-starter-netlify-cms/node_modules' ]
29 verbose dependencyIsSatisfied gatsby-plugin-netlify false
30 silly hasDependencyInstalled gatsby-starter-netlify-cms gatsby-plugin-netlify-cms
31 silly dependencyIsSatisfied [ 'gatsby-plugin-netlify-cms',
31 silly dependencyIsSatisfied   '^1.0.9',
31 silly dependencyIsSatisfied   '/Users/jessicafernando/dev/netlify-lerna-test/packages/gatsby-starter-netlify-cms/node_modules' ]
32 verbose dependencyIsSatisfied gatsby-plugin-netlify-cms false
33 silly hasDependencyInstalled gatsby-starter-netlify-cms gatsby-plugin-react-helmet
34 silly dependencyIsSatisfied [ 'gatsby-plugin-react-helmet',
34 silly dependencyIsSatisfied   '^2.0.5',
34 silly dependencyIsSatisfied   '/Users/jessicafernando/dev/netlify-lerna-test/packages/gatsby-starter-netlify-cms/node_modules' ]
35 verbose dependencyIsSatisfied gatsby-plugin-react-helmet false
36 silly hasDependencyInstalled gatsby-starter-netlify-cms gatsby-plugin-sass
37 silly dependencyIsSatisfied [ 'gatsby-plugin-sass',
37 silly dependencyIsSatisfied   '^1.0.17',
37 silly dependencyIsSatisfied   '/Users/jessicafernando/dev/netlify-lerna-test/packages/gatsby-starter-netlify-cms/node_modules' ]
38 verbose dependencyIsSatisfied gatsby-plugin-sass false
39 silly hasDependencyInstalled gatsby-starter-netlify-cms gatsby-plugin-sharp
40 silly dependencyIsSatisfied [ 'gatsby-plugin-sharp',
40 silly dependencyIsSatisfied   '^1.6.34',
40 silly dependencyIsSatisfied   '/Users/jessicafernando/dev/netlify-lerna-test/packages/gatsby-starter-netlify-cms/node_modules' ]
41 verbose dependencyIsSatisfied gatsby-plugin-sharp false
42 silly hasDependencyInstalled gatsby-starter-netlify-cms gatsby-remark-images
43 silly dependencyIsSatisfied [ 'gatsby-remark-images',
43 silly dependencyIsSatisfied   '^1.5.50',
43 silly dependencyIsSatisfied   '/Users/jessicafernando/dev/netlify-lerna-test/packages/gatsby-starter-netlify-cms/node_modules' ]
44 verbose dependencyIsSatisfied gatsby-remark-images false
45 silly hasDependencyInstalled gatsby-starter-netlify-cms gatsby-source-filesystem
46 silly dependencyIsSatisfied [ 'gatsby-source-filesystem',
46 silly dependencyIsSatisfied   '^1.5.23',
46 silly dependencyIsSatisfied   '/Users/jessicafernando/dev/netlify-lerna-test/packages/gatsby-starter-netlify-cms/node_modules' ]
47 verbose dependencyIsSatisfied gatsby-source-filesystem false
48 silly hasDependencyInstalled gatsby-starter-netlify-cms gatsby-transformer-remark
49 silly dependencyIsSatisfied [ 'gatsby-transformer-remark',
49 silly dependencyIsSatisfied   '^1.7.33',
49 silly dependencyIsSatisfied   '/Users/jessicafernando/dev/netlify-lerna-test/packages/gatsby-starter-netlify-cms/node_modules' ]
50 verbose dependencyIsSatisfied gatsby-transformer-remark false
51 silly hasDependencyInstalled gatsby-starter-netlify-cms gatsby-transformer-sharp
52 silly dependencyIsSatisfied [ 'gatsby-transformer-sharp',
52 silly dependencyIsSatisfied   '^1.6.21',
52 silly dependencyIsSatisfied   '/Users/jessicafernando/dev/netlify-lerna-test/packages/gatsby-starter-netlify-cms/node_modules' ]
53 verbose dependencyIsSatisfied gatsby-transformer-sharp false
54 silly hasDependencyInstalled gatsby-starter-netlify-cms netlify-cms
55 silly dependencyIsSatisfied [ 'netlify-cms',
55 silly dependencyIsSatisfied   '^1.7.0',
55 silly dependencyIsSatisfied   '/Users/jessicafernando/dev/netlify-lerna-test/packages/gatsby-starter-netlify-cms/node_modules' ]
56 verbose dependencyIsSatisfied netlify-cms false
57 silly hasDependencyInstalled gatsby-starter-netlify-cms lodash
58 silly dependencyIsSatisfied [ 'lodash',
58 silly dependencyIsSatisfied   '^4.17.5',
58 silly dependencyIsSatisfied   '/Users/jessicafernando/dev/netlify-lerna-test/packages/gatsby-starter-netlify-cms/node_modules' ]
59 verbose dependencyIsSatisfied lodash false
60 silly hasDependencyInstalled gatsby-starter-netlify-cms lodash-webpack-plugin
61 silly dependencyIsSatisfied [ 'lodash-webpack-plugin',
61 silly dependencyIsSatisfied   '^0.11.4',
61 silly dependencyIsSatisfied   '/Users/jessicafernando/dev/netlify-lerna-test/packages/gatsby-starter-netlify-cms/node_modules' ]
62 verbose dependencyIsSatisfied lodash-webpack-plugin false
63 silly hasDependencyInstalled gatsby-starter-netlify-cms prop-types
64 silly dependencyIsSatisfied [ 'prop-types',
64 silly dependencyIsSatisfied   '^15.6.0',
64 silly dependencyIsSatisfied   '/Users/jessicafernando/dev/netlify-lerna-test/packages/gatsby-starter-netlify-cms/node_modules' ]
65 verbose dependencyIsSatisfied prop-types false
66 silly hasDependencyInstalled gatsby-starter-netlify-cms react
67 silly dependencyIsSatisfied [ 'react',
67 silly dependencyIsSatisfied   '^16.2.0',
67 silly dependencyIsSatisfied   '/Users/jessicafernando/dev/netlify-lerna-test/packages/gatsby-starter-netlify-cms/node_modules' ]
68 verbose dependencyIsSatisfied react false
69 silly hasDependencyInstalled gatsby-starter-netlify-cms react-helmet
70 silly dependencyIsSatisfied [ 'react-helmet',
70 silly dependencyIsSatisfied   '^5.2.0',
70 silly dependencyIsSatisfied   '/Users/jessicafernando/dev/netlify-lerna-test/packages/gatsby-starter-netlify-cms/node_modules' ]
71 verbose dependencyIsSatisfied react-helmet false
72 silly hasDependencyInstalled gatsby-starter-netlify-cms shared
73 silly dependencyIsSatisfied [ 'shared',
73 silly dependencyIsSatisfied   '^0.0.0',
73 silly dependencyIsSatisfied   '/Users/jessicafernando/dev/netlify-lerna-test/packages/gatsby-starter-netlify-cms/node_modules' ]
74 verbose dependencyIsSatisfied shared false
75 silly hasDependencyInstalled gatsby-starter-netlify-cms uuid
76 silly dependencyIsSatisfied [ 'uuid',
76 silly dependencyIsSatisfied   '^3.2.1',
76 silly dependencyIsSatisfied   '/Users/jessicafernando/dev/netlify-lerna-test/packages/gatsby-starter-netlify-cms/node_modules' ]
77 verbose dependencyIsSatisfied uuid false
78 silly root dependencies []
79 silly leaf dependencies {
79 silly leaf dependencies   "gatsby-starter-netlify-cms": [
79 silly leaf dependencies     {
79 silly leaf dependencies       "dependency": "prettier@^1.7.4",
79 silly leaf dependencies       "isSatisfied": false
79 silly leaf dependencies     },
79 silly leaf dependencies     {
79 silly leaf dependencies       "dependency": "bulma@^0.6.0",
79 silly leaf dependencies       "isSatisfied": false
79 silly leaf dependencies     },
79 silly leaf dependencies     {
79 silly leaf dependencies       "dependency": "gatsby@^1.9.213",
79 silly leaf dependencies       "isSatisfied": false
79 silly leaf dependencies     },
79 silly leaf dependencies     {
79 silly leaf dependencies       "dependency": "gatsby-link@^1.6.37",
79 silly leaf dependencies       "isSatisfied": false
79 silly leaf dependencies     },
79 silly leaf dependencies     {
79 silly leaf dependencies       "dependency": "gatsby-plugin-netlify@^1.0.19",
79 silly leaf dependencies       "isSatisfied": false
79 silly leaf dependencies     },
79 silly leaf dependencies     {
79 silly leaf dependencies       "dependency": "gatsby-plugin-netlify-cms@^1.0.9",
79 silly leaf dependencies       "isSatisfied": false
79 silly leaf dependencies     },
79 silly leaf dependencies     {
79 silly leaf dependencies       "dependency": "gatsby-plugin-react-helmet@^2.0.5",
79 silly leaf dependencies       "isSatisfied": false
79 silly leaf dependencies     },
79 silly leaf dependencies     {
79 silly leaf dependencies       "dependency": "gatsby-plugin-sass@^1.0.17",
79 silly leaf dependencies       "isSatisfied": false
79 silly leaf dependencies     },
79 silly leaf dependencies     {
79 silly leaf dependencies       "dependency": "gatsby-plugin-sharp@^1.6.34",
79 silly leaf dependencies       "isSatisfied": false
79 silly leaf dependencies     },
79 silly leaf dependencies     {
79 silly leaf dependencies       "dependency": "gatsby-remark-images@^1.5.50",
79 silly leaf dependencies       "isSatisfied": false
79 silly leaf dependencies     },
79 silly leaf dependencies     {
79 silly leaf dependencies       "dependency": "gatsby-source-filesystem@^1.5.23",
79 silly leaf dependencies       "isSatisfied": false
79 silly leaf dependencies     },
79 silly leaf dependencies     {
79 silly leaf dependencies       "dependency": "gatsby-transformer-remark@^1.7.33",
79 silly leaf dependencies       "isSatisfied": false
79 silly leaf dependencies     },
79 silly leaf dependencies     {
79 silly leaf dependencies       "dependency": "gatsby-transformer-sharp@^1.6.21",
79 silly leaf dependencies       "isSatisfied": false
79 silly leaf dependencies     },
79 silly leaf dependencies     {
79 silly leaf dependencies       "dependency": "netlify-cms@^1.7.0",
79 silly leaf dependencies       "isSatisfied": false
79 silly leaf dependencies     },
79 silly leaf dependencies     {
79 silly leaf dependencies       "dependency": "lodash@^4.17.5",
79 silly leaf dependencies       "isSatisfied": false
79 silly leaf dependencies     },
79 silly leaf dependencies     {
79 silly leaf dependencies       "dependency": "lodash-webpack-plugin@^0.11.4",
79 silly leaf dependencies       "isSatisfied": false
79 silly leaf dependencies     },
79 silly leaf dependencies     {
79 silly leaf dependencies       "dependency": "prop-types@^15.6.0",
79 silly leaf dependencies       "isSatisfied": false
79 silly leaf dependencies     },
79 silly leaf dependencies     {
79 silly leaf dependencies       "dependency": "react@^16.2.0",
79 silly leaf dependencies       "isSatisfied": false
79 silly leaf dependencies     },
79 silly leaf dependencies     {
79 silly leaf dependencies       "dependency": "react-helmet@^5.2.0",
79 silly leaf dependencies       "isSatisfied": false
79 silly leaf dependencies     },
79 silly leaf dependencies     {
79 silly leaf dependencies       "dependency": "shared@^0.0.0",
79 silly leaf dependencies       "isSatisfied": false
79 silly leaf dependencies     },
79 silly leaf dependencies     {
79 silly leaf dependencies       "dependency": "uuid@^3.2.1",
79 silly leaf dependencies       "isSatisfied": false
79 silly leaf dependencies     }
79 silly leaf dependencies   ]
79 silly leaf dependencies }
80 info Installing external dependencies
81 verbose actions 1 actions, concurrency 4
82 silly installInDir gatsby-starter-netlify-cms [ 'prettier@^1.7.4',
82 silly installInDir   'bulma@^0.6.0',
82 silly installInDir   'gatsby@^1.9.213',
82 silly installInDir   'gatsby-link@^1.6.37',
82 silly installInDir   'gatsby-plugin-netlify@^1.0.19',
82 silly installInDir   'gatsby-plugin-netlify-cms@^1.0.9',
82 silly installInDir   'gatsby-plugin-react-helmet@^2.0.5',
82 silly installInDir   'gatsby-plugin-sass@^1.0.17',
82 silly installInDir   'gatsby-plugin-sharp@^1.6.34',
82 silly installInDir   'gatsby-remark-images@^1.5.50',
82 silly installInDir   'gatsby-source-filesystem@^1.5.23',
82 silly installInDir   'gatsby-transformer-remark@^1.7.33',
82 silly installInDir   'gatsby-transformer-sharp@^1.6.21',
82 silly installInDir   'netlify-cms@^1.7.0',
82 silly installInDir   'lodash@^4.17.5',
82 silly installInDir   'lodash-webpack-plugin@^0.11.4',
82 silly installInDir   'prop-types@^15.6.0',
82 silly installInDir   'react@^16.2.0',
82 silly installInDir   'react-helmet@^5.2.0',
82 silly installInDir   'shared@^0.0.0',
82 silly installInDir   'uuid@^3.2.1' ]
83 silly installInDir backup /Users/jessicafernando/dev/netlify-lerna-test/packages/gatsby-starter-netlify-cms/package.json
84 silly rename [ '/Users/jessicafernando/dev/netlify-lerna-test/packages/gatsby-starter-netlify-cms/package.json',
84 silly rename   '/Users/jessicafernando/dev/netlify-lerna-test/packages/gatsby-starter-netlify-cms/package.json.lerna_backup' ]
85 silly installInDir writing tempJson { dependencies:
85 silly installInDir    { prettier: '^1.7.4',
85 silly installInDir      bulma: '^0.6.0',
85 silly installInDir      gatsby: '^1.9.213',
85 silly installInDir      'gatsby-link': '^1.6.37',
85 silly installInDir      'gatsby-plugin-netlify': '^1.0.19',
85 silly installInDir      'gatsby-plugin-netlify-cms': '^1.0.9',
85 silly installInDir      'gatsby-plugin-react-helmet': '^2.0.5',
85 silly installInDir      'gatsby-plugin-sass': '^1.0.17',
85 silly installInDir      'gatsby-plugin-sharp': '^1.6.34',
85 silly installInDir      'gatsby-remark-images': '^1.5.50',
85 silly installInDir      'gatsby-source-filesystem': '^1.5.23',
85 silly installInDir      'gatsby-transformer-remark': '^1.7.33',
85 silly installInDir      'gatsby-transformer-sharp': '^1.6.21',
85 silly installInDir      'netlify-cms': '^1.7.0',
85 silly installInDir      lodash: '^4.17.5',
85 silly installInDir      'lodash-webpack-plugin': '^0.11.4',
85 silly installInDir      'prop-types': '^15.6.0',
85 silly installInDir      react: '^16.2.0',
85 silly installInDir      'react-helmet': '^5.2.0',
85 silly installInDir      shared: '^0.0.0',
85 silly installInDir      uuid: '^3.2.1' } }
86 silly getExecOpts { cwd: '/Users/jessicafernando/dev/netlify-lerna-test/packages/gatsby-starter-netlify-cms' }
87 silly installInDir [ 'npm', [ 'install' ] ]
88 silly installInDir cleanup /Users/jessicafernando/dev/netlify-lerna-test/packages/gatsby-starter-netlify-cms/package.json
89 silly renameSync [ '/Users/jessicafernando/dev/netlify-lerna-test/packages/gatsby-starter-netlify-cms/package.json.lerna_backup',
89 silly renameSync   '/Users/jessicafernando/dev/netlify-lerna-test/packages/gatsby-starter-netlify-cms/package.json' ]
90 verbose installed leaf gatsby-starter-netlify-cms
91 error execute callback with error
92 error Error: Command failed: npm install
92 error npm ERR! code ETARGET
92 error npm ERR! notarget No matching version found for shared@^0.0.0
92 error npm ERR! notarget In most cases you or one of your dependencies are requesting
92 error npm ERR! notarget a package version that doesn't exist.
92 error
92 error npm ERR! A complete log of this run can be found in:
92 error npm ERR!     /Users/jessicafernando/.npm/_logs/2018-06-04T18_23_27_425Z-debug.log
92 error
92 error     at Promise.all.then.arr (/Users/jessicafernando/.config/yarn/global/node_modules/lerna/node_modules/execa/index.js:236:11)
92 error     at <anonymous>
